<?xml version="1.0" encoding="UTF-8"?>
<!-- Generated by org.testng.reporters.JUnitReportReporter -->
<testsuite skipped="0" hostname="MIT-65X1-L" name="src.main.java.testCases.HotelBookingTest" tests="1" failures="0" timestamp="12 Apr 2018 11:42:29 GMT" time="45.573" errors="0">
  <testcase name="shouldBeAbleToSearchForHotels" time="45.573" classname="src.main.java.testCases.HotelBookingTest"/>
</testsuite> <!-- src.main.java.testCases.HotelBookingTest -->
